<?xml version="1.0" encoding="UTF-8"?>
<!-- Generated by org.testng.reporters.JUnitReportReporter -->
<testsuite hostname="ArnoldShivajinagar" failures="0" tests="1" name="test.VerifyLogin" time="36.290" errors="0" timestamp="2023-05-22T10:40:09 IST" skipped="0">
  <testcase classname="test.VerifyLogin" name="Login" time="36.290"/>
  <system-out/>
</testsuite> <!-- test.VerifyLogin -->
