<?xml version="1.0" encoding="UTF-8"?>
<!-- Generated by org.testng.reporters.JUnitReportReporter -->
<testsuite hostname="ArnoldShivajinagar" failures="0" tests="1" name="test.VerifyCostAdd" time="57.258" errors="0" timestamp="2023-05-22T10:40:09 IST" skipped="0">
  <testcase classname="test.VerifyCostAdd" name="Costadd" time="57.258"/>
  <system-out/>
</testsuite> <!-- test.VerifyCostAdd -->
