<?xml version="1.0" encoding="UTF-8"?>
<!-- Generated by org.testng.reporters.JUnitReportReporter -->
<testsuite hostname="ArnoldShivajinagar" failures="0" tests="1" name="test.VerifyTabs" time="54.857" errors="0" timestamp="2023-05-22T10:40:09 IST" skipped="0">
  <testcase classname="test.VerifyTabs" name="Tabs" time="54.857"/>
  <system-out/>
</testsuite> <!-- test.VerifyTabs -->
