<?xml version="1.0" encoding="UTF-8"?>
<!-- Generated by org.testng.reporters.JUnitReportReporter -->
<testsuite hostname="ArnoldShivajinagar" failures="0" tests="2" name="test.VerifyRegister" time="49.697" errors="0" timestamp="2023-06-24T14:08:42 IST" skipped="0">
  <testcase classname="test.VerifyRegister" name="Register" time="33.976"/>
  <system-out/>
  <testcase classname="test.VerifyRegister" name="InvalidR1" time="15.721"/>
  <system-out/>
</testsuite> <!-- test.VerifyRegister -->
